<?xml version="1.0" encoding="UTF-8"?>
<!-- Generated by org.testng.reporters.JUnitReportReporter -->
<testsuite hostname="MacBook-Pro-de-Alejandra.local" failures="0" tests="5" name="test.HomeTest" time="16.407" errors="0" timestamp="2021-06-28T12:44:39 CDT" skipped="0">
  <testcase classname="test.HomeTest" name="microsoftTest" time="2.457"/>
  <system-out/>
  <testcase classname="test.HomeTest" name="microsoftTest2" time="7.456"/>
  <system-out/>
  <testcase classname="test.HomeTest" name="microsoftTest3" time="3.074"/>
  <system-out/>
  <testcase classname="test.HomeTest" name="microsoftTest4" time="3.279"/>
  <system-out/>
  <testcase classname="test.HomeTest" name="microsoftTest5" time="0.141"/>
  <system-out/>
</testsuite> <!-- test.HomeTest -->
