<?xml version="1.0" encoding="UTF-8"?>
<!-- Generated by org.testng.reporters.JUnitReportReporter -->
<testsuite hostname="MacBook-Pro-de-Alejandra.local" failures="0" tests="1" name="home.HomeTest" time="6.787" errors="0" timestamp="2021-06-24T20:36:37 CDT" skipped="0">
  <testcase classname="home.HomeTest" name="microsoftTest" time="6.787"/>
  <system-out/>
</testsuite> <!-- home.HomeTest -->
